1694006442.698825 client started (16727): version 3.3a, socket /tmp/tmux-1000/default, protocol 8
1694006442.698851 on Linux 6.4.12-arch1-1 #1 SMP PREEMPT_DYNAMIC Thu, 24 Aug 2023 00:38:14 +0000
1694006442.698857 using libevent 2.1.12-stable (poll); ncurses 6.4
1694006442.698877 flags are 0x18010000
1694006442.698881 socket is /tmp/tmux-1000/default
1694006442.698890 trying connect
1694006442.698900 connect failed: Connection refused
1694006442.698906 lock file is /tmp/tmux-1000/default.lock
1694006442.698917 flock succeeded
1694006442.698920 got lock (6)
1694006442.698925 trying connect
1694006442.698930 connect failed: Connection refused
1694006442.699104 add peer 0x55d9d1bdf580: 7 ((nil))
1694006442.699470 sending message 100 to peer 0x55d9d1bdf580 (4 bytes)
1694006442.699477 sending message 111 to peer 0x55d9d1bdf580 (8 bytes)
1694006442.699481 sending message 101 to peer 0x55d9d1bdf580 (15 bytes)
1694006442.699485 sending message 109 to peer 0x55d9d1bdf580 (4 bytes)
1694006442.699488 sending message 102 to peer 0x55d9d1bdf580 (11 bytes)
1694006442.699492 sending message 108 to peer 0x55d9d1bdf580 (22 bytes)
1694006442.699495 sending message 112 to peer 0x55d9d1bdf580 (58 bytes)
1694006442.699499 sending message 112 to peer 0x55d9d1bdf580 (5 bytes)
1694006442.699503 sending message 112 to peer 0x55d9d1bdf580 (5 bytes)
1694006442.699507 sending message 112 to peer 0x55d9d1bdf580 (6 bytes)
1694006442.699510 sending message 112 to peer 0x55d9d1bdf580 (6 bytes)
1694006442.699514 sending message 112 to peer 0x55d9d1bdf580 (11 bytes)
1694006442.699517 sending message 112 to peer 0x55d9d1bdf580 (10 bytes)
1694006442.699521 sending message 112 to peer 0x55d9d1bdf580 (13 bytes)
1694006442.699525 sending message 112 to peer 0x55d9d1bdf580 (14 bytes)
1694006442.699529 sending message 112 to peer 0x55d9d1bdf580 (19 bytes)
1694006442.699532 sending message 112 to peer 0x55d9d1bdf580 (11 bytes)
1694006442.699536 sending message 112 to peer 0x55d9d1bdf580 (10 bytes)
1694006442.699540 sending message 112 to peer 0x55d9d1bdf580 (15 bytes)
1694006442.699543 sending message 112 to peer 0x55d9d1bdf580 (21 bytes)
1694006442.699547 sending message 112 to peer 0x55d9d1bdf580 (13 bytes)
1694006442.699551 sending message 112 to peer 0x55d9d1bdf580 (7 bytes)
1694006442.699555 sending message 112 to peer 0x55d9d1bdf580 (13 bytes)
1694006442.699558 sending message 112 to peer 0x55d9d1bdf580 (7 bytes)
1694006442.699562 sending message 112 to peer 0x55d9d1bdf580 (13 bytes)
1694006442.699566 sending message 112 to peer 0x55d9d1bdf580 (9 bytes)
1694006442.699569 sending message 112 to peer 0x55d9d1bdf580 (21 bytes)
1694006442.699573 sending message 112 to peer 0x55d9d1bdf580 (13 bytes)
1694006442.699577 sending message 112 to peer 0x55d9d1bdf580 (9 bytes)
1694006442.699580 sending message 112 to peer 0x55d9d1bdf580 (16 bytes)
1694006442.699584 sending message 112 to peer 0x55d9d1bdf580 (13 bytes)
1694006442.699587 sending message 112 to peer 0x55d9d1bdf580 (9 bytes)
1694006442.699591 sending message 112 to peer 0x55d9d1bdf580 (9 bytes)
1694006442.699595 sending message 112 to peer 0x55d9d1bdf580 (12 bytes)
1694006442.699598 sending message 112 to peer 0x55d9d1bdf580 (8 bytes)
1694006442.699602 sending message 112 to peer 0x55d9d1bdf580 (8 bytes)
1694006442.699606 sending message 112 to peer 0x55d9d1bdf580 (13 bytes)
1694006442.699609 sending message 112 to peer 0x55d9d1bdf580 (7 bytes)
1694006442.699613 sending message 112 to peer 0x55d9d1bdf580 (7 bytes)
1694006442.699617 sending message 112 to peer 0x55d9d1bdf580 (9 bytes)
1694006442.699620 sending message 112 to peer 0x55d9d1bdf580 (9 bytes)
1694006442.699624 sending message 112 to peer 0x55d9d1bdf580 (15 bytes)
1694006442.699628 sending message 112 to peer 0x55d9d1bdf580 (13 bytes)
1694006442.699631 sending message 112 to peer 0x55d9d1bdf580 (12 bytes)
1694006442.699635 sending message 112 to peer 0x55d9d1bdf580 (8 bytes)
1694006442.699639 sending message 112 to peer 0x55d9d1bdf580 (14 bytes)
1694006442.699643 sending message 112 to peer 0x55d9d1bdf580 (11 bytes)
1694006442.699648 sending message 112 to peer 0x55d9d1bdf580 (9 bytes)
1694006442.699658 sending message 112 to peer 0x55d9d1bdf580 (10 bytes)
1694006442.699663 sending message 112 to peer 0x55d9d1bdf580 (10 bytes)
1694006442.699667 sending message 112 to peer 0x55d9d1bdf580 (10 bytes)
1694006442.699670 sending message 112 to peer 0x55d9d1bdf580 (10 bytes)
1694006442.699672 sending message 112 to peer 0x55d9d1bdf580 (11 bytes)
1694006442.699674 sending message 112 to peer 0x55d9d1bdf580 (12 bytes)
1694006442.699676 sending message 112 to peer 0x55d9d1bdf580 (12 bytes)
1694006442.699678 sending message 112 to peer 0x55d9d1bdf580 (12 bytes)
1694006442.699681 sending message 112 to peer 0x55d9d1bdf580 (12 bytes)
1694006442.699683 sending message 112 to peer 0x55d9d1bdf580 (12 bytes)
1694006442.699685 sending message 112 to peer 0x55d9d1bdf580 (11 bytes)
1694006442.699687 sending message 112 to peer 0x55d9d1bdf580 (11 bytes)
1694006442.699690 sending message 112 to peer 0x55d9d1bdf580 (12 bytes)
1694006442.699692 sending message 112 to peer 0x55d9d1bdf580 (12 bytes)
1694006442.699694 sending message 112 to peer 0x55d9d1bdf580 (12 bytes)
1694006442.699696 sending message 112 to peer 0x55d9d1bdf580 (12 bytes)
1694006442.699699 sending message 112 to peer 0x55d9d1bdf580 (12 bytes)
1694006442.699701 sending message 112 to peer 0x55d9d1bdf580 (9 bytes)
1694006442.699703 sending message 112 to peer 0x55d9d1bdf580 (12 bytes)
1694006442.699706 sending message 112 to peer 0x55d9d1bdf580 (13 bytes)
1694006442.699708 sending message 112 to peer 0x55d9d1bdf580 (13 bytes)
1694006442.699710 sending message 112 to peer 0x55d9d1bdf580 (13 bytes)
1694006442.699713 sending message 112 to peer 0x55d9d1bdf580 (13 bytes)
1694006442.699715 sending message 112 to peer 0x55d9d1bdf580 (13 bytes)
1694006442.699717 sending message 112 to peer 0x55d9d1bdf580 (8 bytes)
1694006442.699720 sending message 112 to peer 0x55d9d1bdf580 (11 bytes)
1694006442.699722 sending message 112 to peer 0x55d9d1bdf580 (11 bytes)
1694006442.699724 sending message 112 to peer 0x55d9d1bdf580 (11 bytes)
1694006442.699726 sending message 112 to peer 0x55d9d1bdf580 (12 bytes)
1694006442.699729 sending message 112 to peer 0x55d9d1bdf580 (12 bytes)
1694006442.699731 sending message 112 to peer 0x55d9d1bdf580 (12 bytes)
1694006442.699733 sending message 112 to peer 0x55d9d1bdf580 (12 bytes)
1694006442.699736 sending message 112 to peer 0x55d9d1bdf580 (13 bytes)
1694006442.699738 sending message 112 to peer 0x55d9d1bdf580 (13 bytes)
1694006442.699740 sending message 112 to peer 0x55d9d1bdf580 (13 bytes)
1694006442.699743 sending message 112 to peer 0x55d9d1bdf580 (8 bytes)
1694006442.699745 sending message 112 to peer 0x55d9d1bdf580 (13 bytes)
1694006442.699747 sending message 112 to peer 0x55d9d1bdf580 (13 bytes)
1694006442.699749 sending message 112 to peer 0x55d9d1bdf580 (13 bytes)
1694006442.699752 sending message 112 to peer 0x55d9d1bdf580 (13 bytes)
1694006442.699754 sending message 112 to peer 0x55d9d1bdf580 (13 bytes)
1694006442.699757 sending message 112 to peer 0x55d9d1bdf580 (12 bytes)
1694006442.699759 sending message 112 to peer 0x55d9d1bdf580 (12 bytes)
1694006442.699761 sending message 112 to peer 0x55d9d1bdf580 (12 bytes)
1694006442.699763 sending message 112 to peer 0x55d9d1bdf580 (12 bytes)
1694006442.699766 sending message 112 to peer 0x55d9d1bdf580 (13 bytes)
1694006442.699768 sending message 112 to peer 0x55d9d1bdf580 (8 bytes)
1694006442.699770 sending message 112 to peer 0x55d9d1bdf580 (13 bytes)
1694006442.699772 sending message 112 to peer 0x55d9d1bdf580 (13 bytes)
1694006442.699775 sending message 112 to peer 0x55d9d1bdf580 (13 bytes)
1694006442.699777 sending message 112 to peer 0x55d9d1bdf580 (13 bytes)
1694006442.699779 sending message 112 to peer 0x55d9d1bdf580 (13 bytes)
1694006442.699781 sending message 112 to peer 0x55d9d1bdf580 (13 bytes)
1694006442.699784 sending message 112 to peer 0x55d9d1bdf580 (13 bytes)
1694006442.699786 sending message 112 to peer 0x55d9d1bdf580 (12 bytes)
1694006442.699788 sending message 112 to peer 0x55d9d1bdf580 (12 bytes)
1694006442.699790 sending message 112 to peer 0x55d9d1bdf580 (12 bytes)
1694006442.699797 sending message 112 to peer 0x55d9d1bdf580 (8 bytes)
1694006442.699799 sending message 112 to peer 0x55d9d1bdf580 (12 bytes)
1694006442.699802 sending message 112 to peer 0x55d9d1bdf580 (13 bytes)
1694006442.699804 sending message 112 to peer 0x55d9d1bdf580 (13 bytes)
1694006442.699806 sending message 112 to peer 0x55d9d1bdf580 (13 bytes)
1694006442.699809 sending message 112 to peer 0x55d9d1bdf580 (13 bytes)
1694006442.699811 sending message 112 to peer 0x55d9d1bdf580 (13 bytes)
1694006442.699813 sending message 112 to peer 0x55d9d1bdf580 (13 bytes)
1694006442.699815 sending message 112 to peer 0x55d9d1bdf580 (13 bytes)
1694006442.699818 sending message 112 to peer 0x55d9d1bdf580 (13 bytes)
1694006442.699820 sending message 112 to peer 0x55d9d1bdf580 (12 bytes)
1694006442.699822 sending message 112 to peer 0x55d9d1bdf580 (10 bytes)
1694006442.699824 sending message 112 to peer 0x55d9d1bdf580 (12 bytes)
1694006442.699827 sending message 112 to peer 0x55d9d1bdf580 (12 bytes)
1694006442.699829 sending message 112 to peer 0x55d9d1bdf580 (12 bytes)
1694006442.699831 sending message 112 to peer 0x55d9d1bdf580 (13 bytes)
1694006442.699833 sending message 112 to peer 0x55d9d1bdf580 (13 bytes)
1694006442.699836 sending message 112 to peer 0x55d9d1bdf580 (13 bytes)
1694006442.699838 sending message 112 to peer 0x55d9d1bdf580 (13 bytes)
1694006442.699840 sending message 112 to peer 0x55d9d1bdf580 (13 bytes)
1694006442.699842 sending message 112 to peer 0x55d9d1bdf580 (13 bytes)
1694006442.699845 sending message 112 to peer 0x55d9d1bdf580 (13 bytes)
1694006442.699847 sending message 112 to peer 0x55d9d1bdf580 (10 bytes)
1694006442.699849 sending message 112 to peer 0x55d9d1bdf580 (13 bytes)
1694006442.699851 sending message 112 to peer 0x55d9d1bdf580 (12 bytes)
1694006442.699854 sending message 112 to peer 0x55d9d1bdf580 (12 bytes)
1694006442.699856 sending message 112 to peer 0x55d9d1bdf580 (12 bytes)
1694006442.699859 sending message 112 to peer 0x55d9d1bdf580 (10 bytes)
1694006442.699861 sending message 112 to peer 0x55d9d1bdf580 (10 bytes)
1694006442.699863 sending message 112 to peer 0x55d9d1bdf580 (10 bytes)
1694006442.699865 sending message 112 to peer 0x55d9d1bdf580 (12 bytes)
1694006442.699868 sending message 112 to peer 0x55d9d1bdf580 (13 bytes)
1694006442.699870 sending message 112 to peer 0x55d9d1bdf580 (13 bytes)
1694006442.699872 sending message 112 to peer 0x55d9d1bdf580 (13 bytes)
1694006442.699874 sending message 112 to peer 0x55d9d1bdf580 (13 bytes)
1694006442.699877 sending message 112 to peer 0x55d9d1bdf580 (13 bytes)
1694006442.699879 sending message 112 to peer 0x55d9d1bdf580 (10 bytes)
1694006442.699881 sending message 112 to peer 0x55d9d1bdf580 (11 bytes)
1694006442.699883 sending message 112 to peer 0x55d9d1bdf580 (12 bytes)
1694006442.699885 sending message 112 to peer 0x55d9d1bdf580 (12 bytes)
1694006442.699888 sending message 112 to peer 0x55d9d1bdf580 (12 bytes)
1694006442.699890 sending message 112 to peer 0x55d9d1bdf580 (12 bytes)
1694006442.699892 sending message 112 to peer 0x55d9d1bdf580 (12 bytes)
1694006442.699894 sending message 112 to peer 0x55d9d1bdf580 (11 bytes)
1694006442.699896 sending message 112 to peer 0x55d9d1bdf580 (12 bytes)
1694006442.699899 sending message 112 to peer 0x55d9d1bdf580 (12 bytes)
1694006442.699901 sending message 112 to peer 0x55d9d1bdf580 (13 bytes)
1694006442.699903 sending message 112 to peer 0x55d9d1bdf580 (13 bytes)
1694006442.699905 sending message 112 to peer 0x55d9d1bdf580 (13 bytes)
1694006442.699907 sending message 112 to peer 0x55d9d1bdf580 (13 bytes)
1694006442.699910 sending message 112 to peer 0x55d9d1bdf580 (13 bytes)
1694006442.699912 sending message 112 to peer 0x55d9d1bdf580 (10 bytes)
1694006442.699914 sending message 112 to peer 0x55d9d1bdf580 (9 bytes)
1694006442.699916 sending message 112 to peer 0x55d9d1bdf580 (12 bytes)
1694006442.699919 sending message 112 to peer 0x55d9d1bdf580 (13 bytes)
1694006442.699921 sending message 112 to peer 0x55d9d1bdf580 (13 bytes)
1694006442.699924 sending message 112 to peer 0x55d9d1bdf580 (13 bytes)
1694006442.699929 sending message 112 to peer 0x55d9d1bdf580 (13 bytes)
1694006442.699931 sending message 112 to peer 0x55d9d1bdf580 (13 bytes)
1694006442.699933 sending message 112 to peer 0x55d9d1bdf580 (9 bytes)
1694006442.699936 sending message 112 to peer 0x55d9d1bdf580 (12 bytes)
1694006442.699938 sending message 112 to peer 0x55d9d1bdf580 (13 bytes)
1694006442.699940 sending message 112 to peer 0x55d9d1bdf580 (13 bytes)
1694006442.699942 sending message 112 to peer 0x55d9d1bdf580 (13 bytes)
1694006442.699945 sending message 112 to peer 0x55d9d1bdf580 (13 bytes)
1694006442.699947 sending message 112 to peer 0x55d9d1bdf580 (13 bytes)
1694006442.699949 sending message 112 to peer 0x55d9d1bdf580 (11 bytes)
1694006442.699952 sending message 112 to peer 0x55d9d1bdf580 (12 bytes)
1694006442.699954 sending message 112 to peer 0x55d9d1bdf580 (13 bytes)
1694006442.699956 sending message 112 to peer 0x55d9d1bdf580 (13 bytes)
1694006442.699958 sending message 112 to peer 0x55d9d1bdf580 (13 bytes)
1694006442.699961 sending message 112 to peer 0x55d9d1bdf580 (13 bytes)
1694006442.699963 sending message 112 to peer 0x55d9d1bdf580 (13 bytes)
1694006442.699965 sending message 112 to peer 0x55d9d1bdf580 (11 bytes)
1694006442.699967 sending message 112 to peer 0x55d9d1bdf580 (12 bytes)
1694006442.699970 sending message 112 to peer 0x55d9d1bdf580 (12 bytes)
1694006442.699972 sending message 112 to peer 0x55d9d1bdf580 (12 bytes)
1694006442.699974 sending message 112 to peer 0x55d9d1bdf580 (12 bytes)
1694006442.699976 sending message 112 to peer 0x55d9d1bdf580 (12 bytes)
1694006442.699978 sending message 112 to peer 0x55d9d1bdf580 (21 bytes)
1694006442.699981 sending message 112 to peer 0x55d9d1bdf580 (12 bytes)
1694006442.699983 sending message 112 to peer 0x55d9d1bdf580 (9 bytes)
1694006442.699985 sending message 112 to peer 0x55d9d1bdf580 (6 bytes)
1694006442.699987 sending message 112 to peer 0x55d9d1bdf580 (13 bytes)
1694006442.699990 sending message 112 to peer 0x55d9d1bdf580 (10 bytes)
1694006442.699992 sending message 112 to peer 0x55d9d1bdf580 (24 bytes)
1694006442.699994 sending message 112 to peer 0x55d9d1bdf580 (13 bytes)
1694006442.699996 sending message 112 to peer 0x55d9d1bdf580 (9 bytes)
1694006442.699998 sending message 112 to peer 0x55d9d1bdf580 (70 bytes)
1694006442.700001 sending message 112 to peer 0x55d9d1bdf580 (69 bytes)
1694006442.700003 sending message 112 to peer 0x55d9d1bdf580 (12 bytes)
1694006442.700005 sending message 112 to peer 0x55d9d1bdf580 (10 bytes)
1694006442.700008 sending message 112 to peer 0x55d9d1bdf580 (10 bytes)
1694006442.700010 sending message 112 to peer 0x55d9d1bdf580 (24 bytes)
1694006442.700012 sending message 112 to peer 0x55d9d1bdf580 (13 bytes)
1694006442.700014 sending message 112 to peer 0x55d9d1bdf580 (10 bytes)
1694006442.700017 sending message 112 to peer 0x55d9d1bdf580 (10 bytes)
1694006442.700019 sending message 112 to peer 0x55d9d1bdf580 (10 bytes)
1694006442.700021 sending message 112 to peer 0x55d9d1bdf580 (13 bytes)
1694006442.700024 sending message 112 to peer 0x55d9d1bdf580 (15 bytes)
1694006442.700026 sending message 112 to peer 0x55d9d1bdf580 (5 bytes)
1694006442.700029 sending message 104 to peer 0x55d9d1bdf580 (0 bytes)
1694006442.700032 sending message 110 to peer 0x55d9d1bdf580 (0 bytes)
1694006442.700036 sending message 107 to peer 0x55d9d1bdf580 (4 bytes)
1694006442.700038 sending message 105 to peer 0x55d9d1bdf580 (11 bytes)
1694006442.700040 sending message 105 to peer 0x55d9d1bdf580 (14 bytes)
1694006442.700042 sending message 105 to peer 0x55d9d1bdf580 (17 bytes)
1694006442.700045 sending message 105 to peer 0x55d9d1bdf580 (196 bytes)
1694006442.700047 sending message 105 to peer 0x55d9d1bdf580 (19 bytes)
1694006442.700049 sending message 105 to peer 0x55d9d1bdf580 (20 bytes)
1694006442.700052 sending message 105 to peer 0x55d9d1bdf580 (20 bytes)
1694006442.700054 sending message 105 to peer 0x55d9d1bdf580 (19 bytes)
1694006442.700056 sending message 105 to peer 0x55d9d1bdf580 (21 bytes)
1694006442.700058 sending message 105 to peer 0x55d9d1bdf580 (20 bytes)
1694006442.700063 sending message 105 to peer 0x55d9d1bdf580 (33 bytes)
1694006442.700065 sending message 105 to peer 0x55d9d1bdf580 (34 bytes)
1694006442.700068 sending message 105 to peer 0x55d9d1bdf580 (32 bytes)
1694006442.700070 sending message 105 to peer 0x55d9d1bdf580 (33 bytes)
1694006442.700072 sending message 105 to peer 0x55d9d1bdf580 (34 bytes)
1694006442.700074 sending message 105 to peer 0x55d9d1bdf580 (32 bytes)
1694006442.700077 sending message 105 to peer 0x55d9d1bdf580 (15 bytes)
1694006442.700079 sending message 105 to peer 0x55d9d1bdf580 (27 bytes)
1694006442.700081 sending message 105 to peer 0x55d9d1bdf580 (17 bytes)
1694006442.700083 sending message 105 to peer 0x55d9d1bdf580 (31 bytes)
1694006442.700086 sending message 105 to peer 0x55d9d1bdf580 (54 bytes)
1694006442.700088 sending message 105 to peer 0x55d9d1bdf580 (21 bytes)
1694006442.700090 sending message 105 to peer 0x55d9d1bdf580 (23 bytes)
1694006442.700092 sending message 105 to peer 0x55d9d1bdf580 (30 bytes)
1694006442.700095 sending message 105 to peer 0x55d9d1bdf580 (44 bytes)
1694006442.700097 sending message 105 to peer 0x55d9d1bdf580 (19 bytes)
1694006442.700099 sending message 105 to peer 0x55d9d1bdf580 (8 bytes)
1694006442.700101 sending message 105 to peer 0x55d9d1bdf580 (26 bytes)
1694006442.700103 sending message 105 to peer 0x55d9d1bdf580 (19 bytes)
1694006442.700106 sending message 105 to peer 0x55d9d1bdf580 (19 bytes)
1694006442.700108 sending message 105 to peer 0x55d9d1bdf580 (65 bytes)
1694006442.700110 sending message 105 to peer 0x55d9d1bdf580 (36 bytes)
1694006442.700112 sending message 105 to peer 0x55d9d1bdf580 (7 bytes)
1694006442.700115 sending message 105 to peer 0x55d9d1bdf580 (11 bytes)
1694006442.700117 sending message 105 to peer 0x55d9d1bdf580 (44 bytes)
1694006442.700119 sending message 105 to peer 0x55d9d1bdf580 (14 bytes)
1694006442.700122 sending message 105 to peer 0x55d9d1bdf580 (50 bytes)
1694006442.700124 sending message 105 to peer 0x55d9d1bdf580 (17 bytes)
1694006442.700126 sending message 105 to peer 0x55d9d1bdf580 (11 bytes)
1694006442.700129 sending message 105 to peer 0x55d9d1bdf580 (12 bytes)
1694006442.700131 sending message 105 to peer 0x55d9d1bdf580 (20 bytes)
1694006442.700133 sending message 105 to peer 0x55d9d1bdf580 (34 bytes)
1694006442.700136 sending message 105 to peer 0x55d9d1bdf580 (8814 bytes)
1694006442.700149 sending message 105 to peer 0x55d9d1bdf580 (31 bytes)
1694006442.700152 sending message 105 to peer 0x55d9d1bdf580 (10 bytes)
1694006442.700154 sending message 105 to peer 0x55d9d1bdf580 (24 bytes)
1694006442.700156 sending message 105 to peer 0x55d9d1bdf580 (39 bytes)
1694006442.700159 sending message 105 to peer 0x55d9d1bdf580 (49 bytes)
1694006442.700161 sending message 105 to peer 0x55d9d1bdf580 (38 bytes)
1694006442.700163 sending message 105 to peer 0x55d9d1bdf580 (16 bytes)
1694006442.700166 sending message 106 to peer 0x55d9d1bdf580 (0 bytes)
1694006442.700210 sending message 200 to peer 0x55d9d1bdf580 (4 bytes)
1694006442.700213 client loop enter
1694006442.700223 client_signal: Child exited
1694006442.737970 peer 0x55d9d1bdf580 message 207
1694006442.737978 sending message 208 to peer 0x55d9d1bdf580 (0 bytes)
1694006446.160043 peer 0x55d9d1bdf580 message 203
1694006446.160052 sending message 205 to peer 0x55d9d1bdf580 (0 bytes)
1694006446.160350 peer 0x55d9d1bdf580 message 204
1694006446.160357 client loop exit
